<?xml version="1.0" encoding="UTF-8"?>
<!-- Generated by org.testng.reporters.JUnitXMLReporter -->
<testsuite ignored="13" hostname="Sallu" failures="0" tests="3" name="Test" time="82.744" errors="0" timestamp="2024-09-20T11:14:20 BDT">
  <testcase classname="keyWordFaramework.Login_test" name="InValidLoginTest2" time="1.049"/>
  <testcase classname="keyWordFaramework.Login_test" name="InValidLoginTest3" time="1.017"/>
  <testcase classname="keyWordFaramework.Login_test" name="ValidLoginTest" time="1.129"/>
  <testcase classname="syncronyzation.ExpliciteWaitTest" name="ValidLoginTest" time="0.0">
    <ignored/>
  </testcase> <!-- ValidLoginTest -->
  <testcase classname="locator.XpathLoopAndDynamicXpathForDarazBD" name="xpathLoop2" time="0.0">
    <ignored/>
  </testcase> <!-- xpathLoop2 -->
  <testcase classname="locator.XpathLoopAndDynamicXpathForDarazBD" name="xpathdynamic1" time="0.0">
    <ignored/>
  </testcase> <!-- xpathdynamic1 -->
  <testcase classname="locator.XpathLoopAndDynamicXpathForDarazBD" name="xpathLoop3" time="0.0">
    <ignored/>
  </testcase> <!-- xpathLoop3 -->
  <testcase classname="keyWordFaramework.Login_test" name="InValidLoginTest1" time="0.0">
    <ignored/>
  </testcase> <!-- InValidLoginTest1 -->
  <testcase classname="pageObjectModel.LoginTest" name="ValidLoginTest" time="0.0">
    <ignored/>
  </testcase> <!-- ValidLoginTest -->
  <testcase classname="locator.BasicXpathForDarazBD" name="basicXpath3" time="0.0">
    <ignored/>
  </testcase> <!-- basicXpath3 -->
  <testcase classname="locator.BasicXpathForDarazBD" name="basicXpath1" time="0.0">
    <ignored/>
  </testcase> <!-- basicXpath1 -->
  <testcase classname="locator.BasicXpathForDarazBD" name="basicXpath2" time="0.0">
    <ignored/>
  </testcase> <!-- basicXpath2 -->
  <testcase classname="locator.BasicXpathForDarazBD" name="basicXpath" time="0.0">
    <ignored/>
  </testcase> <!-- basicXpath -->
  <testcase classname="locator.XpathLoopAndDynamicXpathForDarazBD" name="basicXpath1" time="0.0">
    <ignored/>
  </testcase> <!-- basicXpath1 -->
  <testcase classname="pf_WithPOM.PF_loginTest" name="ValidLoginTest" time="0.0">
    <ignored/>
  </testcase> <!-- ValidLoginTest -->
  <testcase classname="locator.XpathLoopAndDynamicXpathForDarazBD" name="xpathdynamic2" time="0.0">
    <ignored/>
  </testcase> <!-- xpathdynamic2 -->
</testsuite> <!-- Test -->
