<?xml version="1.0" encoding="UTF-8"?>
<testng-results ignored="0" total="1" passed="1" failed="0" skipped="0">
  <reporter-output>
  </reporter-output>
  <suite started-at="2024-09-13T22:53:51 BDT" name="Default suite" finished-at="2024-09-13T22:54:19 BDT" duration-ms="27864">
    <groups>
    </groups>
    <test started-at="2024-09-13T22:53:51 BDT" name="Default test" finished-at="2024-09-13T22:54:19 BDT" duration-ms="27864">
      <class name="pageObjectModel.LoginTest">
        <test-method is-config="true" signature="openDaraz()[pri:0, instance:pageObjectModel.LoginTest@36902638]" started-at="2024-09-13T22:53:51 BDT" name="openDaraz" finished-at="2024-09-13T22:54:18 BDT" duration-ms="26282" status="PASS">
          <reporter-output>
          </reporter-output>
        </test-method> <!-- openDaraz -->
        <test-method signature="ValidLoginTest()[pri:0, instance:pageObjectModel.LoginTest@36902638]" started-at="2024-09-13T22:54:18 BDT" name="ValidLoginTest" finished-at="2024-09-13T22:54:19 BDT" duration-ms="1141" status="PASS">
          <reporter-output>
          </reporter-output>
        </test-method> <!-- ValidLoginTest -->
        <test-method is-config="true" signature="closeDaraz()[pri:0, instance:pageObjectModel.LoginTest@36902638]" started-at="2024-09-13T22:54:19 BDT" name="closeDaraz" finished-at="2024-09-13T22:54:19 BDT" duration-ms="357" status="PASS">
          <reporter-output>
          </reporter-output>
        </test-method> <!-- closeDaraz -->
      </class> <!-- pageObjectModel.LoginTest -->
    </test> <!-- Default test -->
  </suite> <!-- Default suite -->
</testng-results>
